
Showing logs for build [32mcramte-org-environment-kind1-pr-5dw5v-1[0m stage [32mfrom-build-pack[0m and container [32mstep-credential-initializer-wkgd8[0m
{"level":"warn","ts":1580939619.905417,"logger":"fallback-logger","caller":"logging/config.go:69","msg":"Fetch GitHub commit ID from kodata failed: \"ref: refs/heads/0.8.0-**-support-backwards-incompats\" is not a valid GitHub commit ID"}
{"level":"info","ts":1580939619.905928,"logger":"fallback-logger","caller":"creds-init/main.go:40","msg":"Credentials initialized."}

Showing logs for build [32mcramte-org-environment-kind1-pr-5dw5v-1[0m stage [32mfrom-build-pack[0m and container [32mstep-working-dir-initializer-7sfk8[0m
{"level":"warn","ts":1580939620.7995992,"logger":"fallback-logger","caller":"logging/config.go:69","msg":"Fetch GitHub commit ID from kodata failed: open /var/run/ko/HEAD: no such file or directory"}
{"level":"info","ts":1580939620.8012738,"logger":"fallback-logger","caller":"bash/main.go:64","msg":"Successfully executed command \"sh -c mkdir -p /workspace/source\"; output "}

Showing logs for build [32mcramte-org-environment-kind1-pr-5dw5v-1[0m stage [32mfrom-build-pack[0m and container [32mstep-place-tools[0m

Showing logs for build [32mcramte-org-environment-kind1-pr-5dw5v-1[0m stage [32mfrom-build-pack[0m and container [32mstep-git-source-cramte-org-environment-kind1-pr-5dw5v-hx569[0m
{"level":"warn","ts":1580939624.8086061,"logger":"fallback-logger","caller":"logging/config.go:69","msg":"Fetch GitHub commit ID from kodata failed: \"ref: refs/heads/0.8.0-**-support-backwards-incompats\" is not a valid GitHub commit ID"}
{"level":"info","ts":1580939626.5820057,"logger":"fallback-logger","caller":"git/git.go:103","msg":"Successfully cloned https://github.com/******-org/environment-kind1-production.git @ master in path /workspace/source"}

Showing logs for build [32mcramte-org-environment-kind1-pr-5dw5v-1[0m stage [32mfrom-build-pack[0m and container [32mstep-git-merge[0m
Using SHAs from PULL_REFS=master:f769d0df7039335ca4d91a2557d9ba6e969cbd27,1:cfd930e07b6de8d97e19b232e2d4999e1237b82d
DEBUG: LC_ALL=C JX_LOG_LEVEL=error git fetch origin --unshallow cfd930e07b6de8d97e19b232e2d4999e1237b82d: f769d0df7039335ca4d91a2557d9ba6e969cbd27:
DEBUG: ran git fetch --unshallow origin cfd930e07b6de8d97e19b232e2d4999e1237b82d: f769d0df7039335ca4d91a2557d9ba6e969cbd27: in 
DEBUG: LC_ALL=C JX_LOG_LEVEL=error git branch
DEBUG: LC_ALL=C JX_LOG_LEVEL=error git checkout master
DEBUG: ran git checkout master in 
DEBUG: LC_ALL=C JX_LOG_LEVEL=error git reset --hard f769d0df7039335ca4d91a2557d9ba6e969cbd27
DEBUG: ran git reset --hard f769d0df7039335ca4d91a2557d9ba6e969cbd27 in 
DEBUG: LC_ALL=C JX_LOG_LEVEL=error git clean -fd .
DEBUG: ran clean --force -d . in 
DEBUG: LC_ALL=C JX_LOG_LEVEL=error git merge cfd930e07b6de8d97e19b232e2d4999e1237b82d
DEBUG: ran git merge cfd930e07b6de8d97e19b232e2d4999e1237b82d in 
DEBUG: LC_ALL=C JX_LOG_LEVEL=error git log --format=%H%x1f%an%x1f%ae%x1f%cn%x1f%ce%x1f%s%n%b%x1e f769d0df7039335ca4d91a2557d9ba6e969cbd27..HEAD
Merged SHA cfd930e07b6de8d97e19b232e2d4999e1237b82d with commit message 'chore: Promote **-qs-python to version 0.0.4' into base branch master

Showing logs for build [32mcramte-org-environment-kind1-pr-5dw5v-1[0m stage [32mfrom-build-pack[0m and container [32mstep-build-helm-build[0m
WARNING: No $CHART_REPOSITORY defined so using the default value of: http://jenkins-x-chartmuseum:8080
Adding missing Helm repo: storage.googleapis.com https://storage.googleapis.com/chartmuseum.jenkins-x.io
Successfully added Helm repository storage.googleapis.com.
Adding missing Helm repo: jenkins-x-chartmuseum http://jenkins-x-chartmuseum:8080
Successfully added Helm repository jenkins-x-chartmuseum.
WARNING: No $CHART_REPOSITORY defined so using the default value of: http://jenkins-x-chartmuseum:8080
Adding missing Helm repo: chartmuseum.jenkins-x.io http://chartmuseum.jenkins-x.io
Successfully added Helm repository chartmuseum.jenkins-x.io.
