
Showing logs for build [32mcramte-org-environment-kind1-pr-qzpz7-1[0m stage [32mfrom-build-pack[0m and container [32mstep-credential-initializer-rtzhc[0m
{"level":"warn","ts":1581016287.3292773,"logger":"fallback-logger","caller":"logging/config.go:69","msg":"Fetch GitHub commit ID from kodata failed: \"ref: refs/heads/0.8.0-**-support-backwards-incompats\" is not a valid GitHub commit ID"}
{"level":"info","ts":1581016287.334234,"logger":"fallback-logger","caller":"creds-init/main.go:40","msg":"Credentials initialized."}

Showing logs for build [32mcramte-org-environment-kind1-pr-qzpz7-1[0m stage [32mfrom-build-pack[0m and container [32mstep-working-dir-initializer-2nt4p[0m
{"level":"warn","ts":1581016288.5712762,"logger":"fallback-logger","caller":"logging/config.go:69","msg":"Fetch GitHub commit ID from kodata failed: open /var/run/ko/HEAD: no such file or directory"}
{"level":"info","ts":1581016288.586222,"logger":"fallback-logger","caller":"bash/main.go:64","msg":"Successfully executed command \"sh -c mkdir -p /workspace/source\"; output "}

Showing logs for build [32mcramte-org-environment-kind1-pr-qzpz7-1[0m stage [32mfrom-build-pack[0m and container [32mstep-place-tools[0m

Showing logs for build [32mcramte-org-environment-kind1-pr-qzpz7-1[0m stage [32mfrom-build-pack[0m and container [32mstep-git-source-cramte-org-environment-kind1-pr-qzpz7-l6qgx[0m
{"level":"warn","ts":1581016292.603815,"logger":"fallback-logger","caller":"logging/config.go:69","msg":"Fetch GitHub commit ID from kodata failed: \"ref: refs/heads/0.8.0-**-support-backwards-incompats\" is not a valid GitHub commit ID"}
{"level":"info","ts":1581016294.0334406,"logger":"fallback-logger","caller":"git/git.go:103","msg":"Successfully cloned https://github.com/******-org/environment-kind1-production.git @ master in path /workspace/source"}

Showing logs for build [32mcramte-org-environment-kind1-pr-qzpz7-1[0m stage [32mfrom-build-pack[0m and container [32mstep-git-merge[0m
Using SHAs from PULL_REFS=master:911cc2ca77c6e1235dfd12563b63b1ac622aedc1,2:f2d9f462751aebe4fe832b0461fdc7464a2b92f5
DEBUG: LC_ALL=C JX_LOG_LEVEL=error git fetch origin --unshallow f2d9f462751aebe4fe832b0461fdc7464a2b92f5: 911cc2ca77c6e1235dfd12563b63b1ac622aedc1:
DEBUG: ran git fetch --unshallow origin f2d9f462751aebe4fe832b0461fdc7464a2b92f5: 911cc2ca77c6e1235dfd12563b63b1ac622aedc1: in 
DEBUG: LC_ALL=C JX_LOG_LEVEL=error git branch
DEBUG: LC_ALL=C JX_LOG_LEVEL=error git checkout master
DEBUG: ran git checkout master in 
DEBUG: LC_ALL=C JX_LOG_LEVEL=error git reset --hard 911cc2ca77c6e1235dfd12563b63b1ac622aedc1
DEBUG: ran git reset --hard 911cc2ca77c6e1235dfd12563b63b1ac622aedc1 in 
DEBUG: LC_ALL=C JX_LOG_LEVEL=error git clean -fd .
DEBUG: ran clean --force -d . in 
DEBUG: JX_LOG_LEVEL=error LC_ALL=C git merge f2d9f462751aebe4fe832b0461fdc7464a2b92f5
DEBUG: ran git merge f2d9f462751aebe4fe832b0461fdc7464a2b92f5 in 
DEBUG: LC_ALL=C JX_LOG_LEVEL=error git log --format=%H%x1f%an%x1f%ae%x1f%cn%x1f%ce%x1f%s%n%b%x1e 911cc2ca77c6e1235dfd12563b63b1ac622aedc1..HEAD
Merged SHA f2d9f462751aebe4fe832b0461fdc7464a2b92f5 with commit message 'chore: Promote **-qs-python to version 0.0.6' into base branch master

Showing logs for build [32mcramte-org-environment-kind1-pr-qzpz7-1[0m stage [32mfrom-build-pack[0m and container [32mstep-build-helm-build[0m
WARNING: No $CHART_REPOSITORY defined so using the default value of: http://jenkins-x-chartmuseum:8080
Adding missing Helm repo: storage.googleapis.com https://storage.googleapis.com/chartmuseum.jenkins-x.io
Successfully added Helm repository storage.googleapis.com.
Adding missing Helm repo: jenkins-x-chartmuseum http://jenkins-x-chartmuseum:8080
Successfully added Helm repository jenkins-x-chartmuseum.
WARNING: No $CHART_REPOSITORY defined so using the default value of: http://jenkins-x-chartmuseum:8080
Adding missing Helm repo: chartmuseum.jenkins-x.io http://chartmuseum.jenkins-x.io
Successfully added Helm repository chartmuseum.jenkins-x.io.
